INFO:root:this is from the tango file
INFO:root:this is from the emg blueprint file
WARNING:werkzeug: * Debugger is active!
INFO:werkzeug: * Debugger PIN: 192-757-369
INFO:werkzeug: * Detected change in '/Users/arifjamil/Documents/school/capstone/proj/signTalk/alg/models.py', reloading
INFO:werkzeug: * Detected change in '/Users/arifjamil/Documents/school/capstone/proj/signTalk/alg/models.py', reloading
INFO:root:this is from the tango file
INFO:root:this is from the emg blueprint file
WARNING:werkzeug: * Debugger is active!
INFO:werkzeug: * Debugger PIN: 192-757-369
INFO:werkzeug: * Detected change in '/Users/arifjamil/Documents/school/capstone/proj/signTalk/alg/models.py', reloading
INFO:werkzeug: * Detected change in '/Users/arifjamil/Documents/school/capstone/proj/signTalk/alg/models.py', reloading
INFO:root:this is from the tango file
INFO:root:this is from the emg blueprint file
WARNING:werkzeug: * Debugger is active!
INFO:werkzeug: * Debugger PIN: 192-757-369
INFO:werkzeug: * Detected change in '/Users/arifjamil/Documents/school/capstone/proj/signTalk/alg/models.py', reloading
INFO:werkzeug: * Detected change in '/Users/arifjamil/Documents/school/capstone/proj/signTalk/alg/models.py', reloading
INFO:root:this is from the tango file
INFO:root:this is from the emg blueprint file
WARNING:werkzeug: * Debugger is active!
INFO:werkzeug: * Debugger PIN: 192-757-369
INFO:werkzeug: * Detected change in '/Users/arifjamil/Documents/school/capstone/proj/signTalk/alg/models.py', reloading
INFO:werkzeug: * Detected change in '/Users/arifjamil/Documents/school/capstone/proj/signTalk/alg/models.py', reloading
INFO:root:this is from the tango file
INFO:root:this is from the emg blueprint file
WARNING:werkzeug: * Debugger is active!
INFO:werkzeug: * Debugger PIN: 192-757-369
INFO:werkzeug: * Detected change in '/Users/arifjamil/Documents/school/capstone/proj/signTalk/alg/models.py', reloading
INFO:werkzeug: * Detected change in '/Users/arifjamil/Documents/school/capstone/proj/signTalk/alg/models.py', reloading
INFO:root:this is from the tango file
INFO:root:this is from the emg blueprint file
WARNING:werkzeug: * Debugger is active!
INFO:werkzeug: * Debugger PIN: 192-757-369
INFO:werkzeug: * Detected change in '/Users/arifjamil/Documents/school/capstone/proj/signTalk/alg/main.py', reloading
INFO:werkzeug: * Detected change in '/Users/arifjamil/Documents/school/capstone/proj/signTalk/alg/algorithm.py', reloading
INFO:root:this is from the tango file
INFO:root:this is from the emg blueprint file
WARNING:werkzeug: * Debugger is active!
INFO:werkzeug: * Debugger PIN: 192-757-369
